timestamp: 2015-07-01T14:10:20.996897
CREATE TABLE auth_user(
    id INTEGER PRIMARY KEY AUTOINCREMENT,
    first_name CHAR(128),
    last_name CHAR(128),
    email CHAR(512),
    password CHAR(512),
    registration_key CHAR(512),
    reset_password_key CHAR(512),
    registration_id CHAR(512)
);
success!
timestamp: 2015-07-01T14:10:21.137031
CREATE TABLE auth_group(
    id INTEGER PRIMARY KEY AUTOINCREMENT,
    role CHAR(512),
    description TEXT
);
success!
timestamp: 2015-07-01T14:10:21.245710
CREATE TABLE auth_membership(
    id INTEGER PRIMARY KEY AUTOINCREMENT,
    user_id INTEGER REFERENCES auth_user (id) ON DELETE CASCADE,
    group_id INTEGER REFERENCES auth_group (id) ON DELETE CASCADE
);
success!
timestamp: 2015-07-01T14:10:21.370628
CREATE TABLE auth_permission(
    id INTEGER PRIMARY KEY AUTOINCREMENT,
    group_id INTEGER REFERENCES auth_group (id) ON DELETE CASCADE,
    name CHAR(512),
    table_name CHAR(512),
    record_id INTEGER
);
success!
timestamp: 2015-07-01T14:10:21.513877
CREATE TABLE auth_event(
    id INTEGER PRIMARY KEY AUTOINCREMENT,
    time_stamp TIMESTAMP,
    client_ip CHAR(512),
    user_id INTEGER REFERENCES auth_user (id) ON DELETE CASCADE,
    origin CHAR(512),
    description TEXT
);
success!
timestamp: 2015-07-01T14:10:21.655629
CREATE TABLE auth_cas(
    id INTEGER PRIMARY KEY AUTOINCREMENT,
    user_id INTEGER REFERENCES auth_user (id) ON DELETE CASCADE,
    created_on TIMESTAMP,
    service CHAR(512),
    ticket CHAR(512),
    renew CHAR(1)
);
success!
timestamp: 2015-07-01T14:10:21.798420
CREATE TABLE t_data(
    id INTEGER PRIMARY KEY AUTOINCREMENT,
    f_name CHAR(512),
    f_text CHAR(512),
    f_audio_path CHAR(512),
    is_active CHAR(1),
    created_on TIMESTAMP,
    created_by INTEGER REFERENCES auth_user (id) ON DELETE CASCADE,
    modified_on TIMESTAMP,
    modified_by INTEGER REFERENCES auth_user (id) ON DELETE CASCADE
);
success!
timestamp: 2015-07-01T14:10:21.938842
CREATE TABLE t_data_archive(
    id INTEGER PRIMARY KEY AUTOINCREMENT,
    f_name CHAR(512),
    f_text CHAR(512),
    f_audio_path CHAR(512),
    is_active CHAR(1),
    created_on TIMESTAMP,
    created_by INTEGER REFERENCES auth_user (id) ON DELETE CASCADE,
    modified_on TIMESTAMP,
    modified_by INTEGER REFERENCES auth_user (id) ON DELETE CASCADE,
    current_record INTEGER REFERENCES t_data (id) ON DELETE CASCADE
);
success!
timestamp: 2015-07-01T14:10:22.080287
CREATE TABLE t_result(
    id INTEGER PRIMARY KEY AUTOINCREMENT,
    f_name CHAR(512),
    f_utt_id CHAR(512),
    f_score CHAR(512),
    is_active CHAR(1),
    created_on TIMESTAMP,
    created_by INTEGER REFERENCES auth_user (id) ON DELETE CASCADE,
    modified_on TIMESTAMP,
    modified_by INTEGER REFERENCES auth_user (id) ON DELETE CASCADE
);
success!
timestamp: 2015-07-01T14:10:22.221378
CREATE TABLE t_result_archive(
    id INTEGER PRIMARY KEY AUTOINCREMENT,
    f_name CHAR(512),
    f_utt_id CHAR(512),
    f_score CHAR(512),
    is_active CHAR(1),
    created_on TIMESTAMP,
    created_by INTEGER REFERENCES auth_user (id) ON DELETE CASCADE,
    modified_on TIMESTAMP,
    modified_by INTEGER REFERENCES auth_user (id) ON DELETE CASCADE,
    current_record INTEGER REFERENCES t_result (id) ON DELETE CASCADE
);
success!
DELETE FROM t_data;
DELETE FROM sqlite_sequence WHERE name='t_data';
success!
DELETE FROM t_data;
DELETE FROM sqlite_sequence WHERE name='t_data';
success!
DELETE FROM t_data;
DELETE FROM sqlite_sequence WHERE name='t_data';
success!
DELETE FROM t_data;
DELETE FROM sqlite_sequence WHERE name='t_data';
success!
DELETE FROM t_data;
DELETE FROM sqlite_sequence WHERE name='t_data';
success!
DELETE FROM t_data;
DELETE FROM sqlite_sequence WHERE name='t_data';
success!
DELETE FROM t_data;
DELETE FROM sqlite_sequence WHERE name='t_data';
success!
DELETE FROM t_data;
DELETE FROM sqlite_sequence WHERE name='t_data';
success!
DELETE FROM t_data;
DELETE FROM sqlite_sequence WHERE name='t_data';
success!
DELETE FROM t_data;
DELETE FROM sqlite_sequence WHERE name='t_data';
success!
DELETE FROM t_result;
DELETE FROM sqlite_sequence WHERE name='t_result';
success!
timestamp: 2015-07-01T14:45:29.304541
ALTER TABLE t_result ADD f_user_id INTEGER;
success!
timestamp: 2015-07-01T14:45:29.476513
ALTER TABLE t_result_archive ADD f_user_id INTEGER;
success!
DELETE FROM t_result;
DELETE FROM sqlite_sequence WHERE name='t_result';
success!
DELETE FROM t_result;
DELETE FROM sqlite_sequence WHERE name='t_result';
success!
DELETE FROM t_data;
DELETE FROM sqlite_sequence WHERE name='t_data';
success!
DELETE FROM t_data;
DELETE FROM sqlite_sequence WHERE name='t_data';
success!
timestamp: 2015-07-01T16:05:56.961825
ALTER TABLE t_data ADD f_system CHAR(512);
success!
timestamp: 2015-07-01T16:05:57.124457
ALTER TABLE t_data_archive ADD f_system CHAR(512);
success!
DELETE FROM t_result;
DELETE FROM sqlite_sequence WHERE name='t_result';
success!
DELETE FROM t_data;
DELETE FROM sqlite_sequence WHERE name='t_data';
success!
timestamp: 2015-07-01T16:12:58.405730
ALTER TABLE t_data ADD f_test_set_id INTEGER;
success!
timestamp: 2015-07-01T16:12:58.561593
ALTER TABLE t_data_archive ADD f_test_set_id INTEGER;
success!
success!
success!
success!
success!
success!
success!
success!
success!
success!
success!
success!
success!
success!
success!
success!
success!
success!
success!
success!
success!
success!
success!
success!
success!
success!
success!
success!
success!
success!
success!
success!
success!
success!
success!
timestamp: 2015-07-01T16:24:30.120607
CREATE TABLE t_subject(
    id INTEGER PRIMARY KEY AUTOINCREMENT,
    f_name CHAR(512),
    f_age CHAR(512),
    is_active CHAR(1),
    created_on TIMESTAMP,
    created_by INTEGER REFERENCES auth_user (id) ON DELETE CASCADE,
    modified_on TIMESTAMP,
    modified_by INTEGER REFERENCES auth_user (id) ON DELETE CASCADE
);
success!
success!
success!
success!
success!
success!
success!
success!
success!
success!
success!
success!
success!
success!
success!
success!
success!
success!
success!
success!
success!
success!
success!
success!
success!
success!
success!
success!
success!
success!
success!
success!
success!
success!
success!
success!
success!
success!
success!
success!
success!
success!
success!
success!
success!
success!
success!
success!
success!
success!
success!
success!
success!
success!
success!
success!
success!
success!
success!
success!
success!
success!
success!
success!
success!
success!
success!
success!
success!
success!
success!
success!
success!
success!
success!
success!
success!
success!
success!
success!
success!
success!
success!
success!
success!
success!
success!
success!
success!
success!
success!
timestamp: 2015-07-01T16:41:20.769994
ALTER TABLE t_result ADD f_test_set_id CHAR(512);
success!
timestamp: 2015-07-01T16:41:20.912975
ALTER TABLE t_result_archive ADD f_test_set_id CHAR(512);
success!
success!
success!
DELETE FROM t_result;
DELETE FROM sqlite_sequence WHERE name='t_result';
success!
success!
success!
success!
success!
success!
success!
success!
success!
success!
success!
success!
success!
success!
success!
success!
success!
success!
success!
success!
success!
success!
success!
success!
success!
success!
success!
success!
success!
success!
success!
success!
success!
success!
success!
success!
success!
success!
success!
success!
success!
success!
success!
success!
success!
success!
success!
success!
success!
DELETE FROM t_subject;
DELETE FROM sqlite_sequence WHERE name='t_subject';
success!
success!
success!
success!
success!
success!
success!
success!
success!
success!
success!
success!
success!
success!
success!
success!
success!
success!
success!
success!
success!
success!
success!
success!
success!
success!
success!
success!
success!
success!
success!
success!
success!
success!
success!
success!
success!
success!
success!
success!
success!
success!
success!
success!
success!
success!
success!
success!
success!
success!
success!
success!
success!
success!
success!
success!
success!
success!
success!
success!
success!
DELETE FROM t_data;
DELETE FROM sqlite_sequence WHERE name='t_data';
success!
success!
success!
success!
success!
DELETE FROM t_result;
DELETE FROM sqlite_sequence WHERE name='t_result';
success!
success!
success!
success!
success!
DELETE FROM t_subject;
DELETE FROM sqlite_sequence WHERE name='t_subject';
success!
success!
success!
success!
success!
success!
success!
success!
success!
success!
success!
success!
success!
success!
success!
success!
success!
success!
success!
success!
success!
success!
success!
success!
success!
success!
success!
success!
success!
success!
success!
success!
success!
success!
success!
success!
success!
success!
success!
success!
success!
success!
success!
success!
success!
DELETE FROM t_result;
DELETE FROM sqlite_sequence WHERE name='t_result';
success!
success!
success!
success!
success!
DELETE FROM t_data;
DELETE FROM sqlite_sequence WHERE name='t_data';
success!
success!
success!
success!
success!
DELETE FROM t_subject;
DELETE FROM sqlite_sequence WHERE name='t_subject';
success!
success!
success!
success!
success!
success!
success!
success!
success!
success!
success!
success!
success!
success!
success!
success!
success!
success!
success!
success!
success!
success!
success!
success!
success!
success!
success!
success!
success!
success!
success!
success!
success!
success!
success!
success!
success!
success!
success!
success!
success!
success!
success!
success!
success!
success!
success!
success!
success!
success!
success!
success!
success!
success!
success!
success!
success!
success!
success!
success!
success!
success!
success!
success!
success!
success!
success!
success!
success!
success!
success!
success!
success!
success!
success!
success!
success!
success!
success!
success!
success!
success!
success!
success!
success!
success!
success!
success!
success!
success!
success!
success!
success!
success!
success!
success!
success!
success!
success!
success!
success!
DELETE FROM t_data;
DELETE FROM sqlite_sequence WHERE name='t_data';
success!
DELETE FROM t_data;
DELETE FROM sqlite_sequence WHERE name='t_data';
success!
timestamp: 2015-07-02T09:20:05.045031
ALTER TABLE t_result ADD f_system CHAR(512);
success!
timestamp: 2015-07-02T09:20:05.279501
ALTER TABLE t_result_archive ADD f_system CHAR(512);
success!
DELETE FROM t_result;
DELETE FROM sqlite_sequence WHERE name='t_result';
success!
DELETE FROM t_data;
DELETE FROM sqlite_sequence WHERE name='t_data';
success!
DELETE FROM t_data;
DELETE FROM sqlite_sequence WHERE name='t_data';
success!
DELETE FROM t_data;
DELETE FROM sqlite_sequence WHERE name='t_data';
success!
DELETE FROM t_data;
DELETE FROM sqlite_sequence WHERE name='t_data';
success!
DELETE FROM t_result;
DELETE FROM sqlite_sequence WHERE name='t_result';
success!
DELETE FROM t_data;
DELETE FROM sqlite_sequence WHERE name='t_data';
success!
DELETE FROM t_result;
DELETE FROM sqlite_sequence WHERE name='t_result';
success!
DELETE FROM t_subject;
DELETE FROM sqlite_sequence WHERE name='t_subject';
success!
